[21Oct2024 12:05:27.102] [main/INFO] [cpw.mods.modlauncher.Launcher/MODLAUNCHER]: ModLauncher running: args [--launchTarget, forgeclientuserdev, --version, 21.1.65, --assetIndex, 17, --assetsDir, C:\\Users\\perso\\.mcreator\\gradle\\caches\\neoformruntime\\assets, --gameDir, ., --fml.neoForgeVersion, 21.1.65, --fml.fmlVersion, 4.0.24, --fml.mcVersion, 1.21.1, --fml.neoFormVersion, 20240808.144430]
[21Oct2024 12:05:27.108] [main/INFO] [cpw.mods.modlauncher.Launcher/MODLAUNCHER]: JVM identified as Eclipse Adoptium OpenJDK 64-Bit Server VM 21.0.4+7-LTS
[21Oct2024 12:05:27.113] [main/INFO] [cpw.mods.modlauncher.Launcher/MODLAUNCHER]: ModLauncher 11.0.4+main.d2e20e43 starting: java version 21.0.4 by Eclipse Adoptium; OS Windows 11 arch amd64 version 10.0
[21Oct2024 12:05:27.304] [main/INFO] [net.neoforged.fml.loading.ImmediateWindowHandler/]: Loading ImmediateWindowProvider fmlearlywindow
[21Oct2024 12:05:27.522] [main/INFO] [EARLYDISPLAY/]: Trying GL version 4.6
[21Oct2024 12:05:27.736] [main/INFO] [EARLYDISPLAY/]: Requested GL version 4.6 got version 4.6
[21Oct2024 12:05:27.834] [main/INFO] [mixin/]: SpongePowered MIXIN Subsystem Version=0.8.7 Source=union:/C:/Users/perso/.mcreator/gradle/caches/modules-2/files-2.1/net.fabricmc/sponge-mixin/0.15.2+mixin.0.8.7/2af2f021d8e02a0220dc27a7a72b4666d66d44ca/sponge-mixin-0.15.2+mixin.0.8.7.jar%23131!/ Service=ModLauncher Env=CLIENT
[21Oct2024 12:05:28.028] [pool-2-thread-1/INFO] [EARLYDISPLAY/]: GL info: AMD Radeon(TM) Graphics GL version 4.6.14756 Core Profile Forward-Compatible Context 20.40.64.11 27.20.14064.11001, ATI Technologies Inc.
[21Oct2024 12:05:28.371] [main/INFO] [net.neoforged.fml.loading.moddiscovery.locators.JarInJarDependencyLocator/]: Found 3 dependencies adding them to mods collection
[21Oct2024 12:05:29.406] [main/INFO] [mixin/]: Compatibility level set to JAVA_21
[21Oct2024 12:05:29.417] [main/INFO] [cpw.mods.modlauncher.LaunchServiceHandler/MODLAUNCHER]: Launching target 'forgeclientuserdev' with arguments [--version, 21.1.65, --gameDir, ., --assetsDir, C:\Users\perso\.mcreator\gradle\caches\neoformruntime\assets, --assetIndex, 17]
[21Oct2024 12:05:29.467] [main/WARN] [mixin/]: Reference map 'crackerslib.refmap.json' for crackerslib.mixins.json could not be read. If this is a development environment you can ignore this message
[21Oct2024 12:05:29.468] [main/WARN] [mixin/]: Reference map 'simpleclouds.refmap.json' for simpleclouds.mixins.json could not be read. If this is a development environment you can ignore this message
[21Oct2024 12:05:29.739] [main/INFO] [MixinExtras|Service/]: Initializing MixinExtras via com.llamalad7.mixinextras.service.MixinExtrasServiceImpl(version=0.4.1).
[21Oct2024 12:05:31.409] [Datafixer Bootstrap/INFO] [com.mojang.datafixers.DataFixerBuilder/]: 229 Datafixer optimizations took 343 milliseconds
[21Oct2024 12:05:36.528] [main/WARN] [net.minecraft.commands.Commands/]: Ambiguity between arguments [teleport, location] and [teleport, destination] with inputs: [0.1 -0.5 .9, 0 0 0]
[21Oct2024 12:05:36.529] [main/WARN] [net.minecraft.commands.Commands/]: Ambiguity between arguments [teleport, location] and [teleport, targets] with inputs: [0.1 -0.5 .9, 0 0 0]
[21Oct2024 12:05:36.532] [main/WARN] [net.minecraft.commands.Commands/]: Ambiguity between arguments [teleport, destination] and [teleport, targets] with inputs: [Player, 0123, @e, dd12be42-52a9-4a91-a8a1-11c01849e498]
[21Oct2024 12:05:36.533] [main/WARN] [net.minecraft.commands.Commands/]: Ambiguity between arguments [teleport, targets] and [teleport, destination] with inputs: [Player, 0123, dd12be42-52a9-4a91-a8a1-11c01849e498]
[21Oct2024 12:05:36.534] [main/WARN] [net.minecraft.commands.Commands/]: Ambiguity between arguments [teleport, targets, location] and [teleport, targets, destination] with inputs: [0.1 -0.5 .9, 0 0 0]
[21Oct2024 12:05:36.668] [Render thread/WARN] [net.minecraft.server.packs.VanillaPackResourcesBuilder/]: Assets URL 'union:/O:/Mcreator/Colony/build/moddev/artifacts/neoforge-21.1.65-minecraft.jar%23184!/assets/.mcassetsroot' uses unexpected schema
[21Oct2024 12:05:36.668] [Render thread/WARN] [net.minecraft.server.packs.VanillaPackResourcesBuilder/]: Assets URL 'union:/O:/Mcreator/Colony/build/moddev/artifacts/neoforge-21.1.65-minecraft.jar%23184!/data/.mcassetsroot' uses unexpected schema
[21Oct2024 12:05:36.699] [Render thread/INFO] [com.mojang.authlib.yggdrasil.YggdrasilAuthenticationService/]: Environment: Environment[sessionHost=https://sessionserver.mojang.com, servicesHost=https://api.minecraftservices.com, name=PROD]
[21Oct2024 12:05:36.706] [Render thread/INFO] [net.minecraft.client.Minecraft/]: Setting user: Dev
[21Oct2024 12:05:36.809] [Render thread/INFO] [net.minecraft.client.Minecraft/]: Backend library: LWJGL version 3.3.3+5
[21Oct2024 12:05:37.105] [modloading-worker-0/INFO] [net.neoforged.neoforge.common.NeoForgeMod/NEOFORGE-MOD]: NeoForge mod loading, version 21.1.65, for MC 1.21.1
[21Oct2024 12:05:37.403] [modloading-sync-worker/WARN] [net.neoforged.fml.config.ConfigTracker/CONFIG]: Configuration file O:\Mcreator\Colony\run\config\simpleclouds-client.toml is not correct. Correcting
[21Oct2024 12:05:37.929] [Render thread/INFO] [net.neoforged.neoforge.gametest.GameTestHooks/]: Enabled Gametest Namespaces: []
[21Oct2024 12:05:38.071] [Render thread/INFO] [net.minecraft.server.packs.resources.ReloadableResourceManager/]: Reloading ResourceManager: vanilla, mod_resources, mod/crackerslib, mod/simpleclouds, mod/neoforge, mod/colony
[21Oct2024 12:05:38.222] [Worker-Main-13/INFO] [net.minecraft.client.gui.font.providers.UnihexProvider/]: Found unifont_all_no_pua-15.1.05.hex, loading
[21Oct2024 12:05:38.244] [Worker-Main-4/INFO] [net.minecraft.client.gui.font.providers.UnihexProvider/]: Found unifont_jp_patch-15.1.05.hex, loading
[21Oct2024 12:05:38.962] [Worker-Main-11/WARN] [net.minecraft.client.resources.model.ModelBakery/]: Unable to load model: 'minecraft:stacky' referenced from: colony:item/stacky: java.io.FileNotFoundException: minecraft:models/stacky.json
[21Oct2024 12:05:39.764] [Render thread/WARN] [net.minecraft.client.sounds.SoundEngine/]: Missing sound for event: minecraft:item.goat_horn.play
[21Oct2024 12:05:39.764] [Render thread/WARN] [net.minecraft.client.sounds.SoundEngine/]: Missing sound for event: minecraft:entity.goat.screaming.horn_break
[21Oct2024 12:05:39.909] [Render thread/INFO] [com.mojang.blaze3d.audio.Library/]: OpenAL initialized on device OpenAL Soft on Haut-parleurs (Senary Audio)
[21Oct2024 12:05:39.910] [Render thread/INFO] [net.minecraft.client.sounds.SoundEngine/SOUNDS]: Sound engine started
[21Oct2024 12:05:40.005] [Render thread/INFO] [net.minecraft.client.renderer.texture.TextureAtlas/]: Created: 1024x512x0 minecraft:textures/atlas/blocks.png-atlas
[21Oct2024 12:05:40.027] [Render thread/INFO] [net.minecraft.client.renderer.texture.TextureAtlas/]: Created: 256x256x0 minecraft:textures/atlas/signs.png-atlas
[21Oct2024 12:05:40.028] [Render thread/INFO] [net.minecraft.client.renderer.texture.TextureAtlas/]: Created: 512x512x0 minecraft:textures/atlas/shield_patterns.png-atlas
[21Oct2024 12:05:40.030] [Render thread/INFO] [net.minecraft.client.renderer.texture.TextureAtlas/]: Created: 512x512x0 minecraft:textures/atlas/banner_patterns.png-atlas
[21Oct2024 12:05:40.031] [Render thread/INFO] [net.minecraft.client.renderer.texture.TextureAtlas/]: Created: 1024x1024x0 minecraft:textures/atlas/armor_trims.png-atlas
[21Oct2024 12:05:40.037] [Render thread/INFO] [net.minecraft.client.renderer.texture.TextureAtlas/]: Created: 128x64x0 minecraft:textures/atlas/decorated_pot.png-atlas
[21Oct2024 12:05:40.037] [Render thread/INFO] [net.minecraft.client.renderer.texture.TextureAtlas/]: Created: 256x256x0 minecraft:textures/atlas/chest.png-atlas
[21Oct2024 12:05:40.037] [Render thread/INFO] [net.minecraft.client.renderer.texture.TextureAtlas/]: Created: 512x256x0 minecraft:textures/atlas/shulker_boxes.png-atlas
[21Oct2024 12:05:40.038] [Render thread/INFO] [net.minecraft.client.renderer.texture.TextureAtlas/]: Created: 512x256x0 minecraft:textures/atlas/beds.png-atlas
[21Oct2024 12:05:40.205] [Render thread/INFO] [net.minecraft.client.renderer.texture.TextureAtlas/]: Created: 512x256x0 minecraft:textures/atlas/particles.png-atlas
[21Oct2024 12:05:40.209] [Render thread/INFO] [net.minecraft.client.renderer.texture.TextureAtlas/]: Created: 512x256x0 minecraft:textures/atlas/paintings.png-atlas
[21Oct2024 12:05:40.210] [Render thread/INFO] [net.minecraft.client.renderer.texture.TextureAtlas/]: Created: 256x128x0 minecraft:textures/atlas/mob_effects.png-atlas
[21Oct2024 12:05:40.211] [Render thread/INFO] [net.minecraft.client.renderer.texture.TextureAtlas/]: Created: 64x64x0 minecraft:textures/atlas/map_decorations.png-atlas
[21Oct2024 12:05:40.211] [Render thread/INFO] [net.minecraft.client.renderer.texture.TextureAtlas/]: Created: 1024x512x0 minecraft:textures/atlas/gui.png-atlas
[21Oct2024 12:05:40.237] [Render thread/WARN] [net.minecraft.client.renderer.ShaderInstance/]: Shader rendertype_entity_translucent_emissive could not find sampler named Sampler2 in the specified shader program.
[21Oct2024 12:05:40.282] [Render thread/WARN] [net.minecraft.client.renderer.ShaderInstance/]: Shader simpleclouds:cloud_region_tex could not find uniform named ColorModulator in the specified shader program.
[21Oct2024 12:05:40.298] [Render thread/INFO] [dev.nonamecrackers2.simpleclouds.common.cloud.CloudTypeDataManager/]: Loaded 7 cloud types
[21Oct2024 12:05:40.300] [Render thread/INFO] [simpleclouds/SimpleCloudsRenderer/]: Beginning mesh generator initialization for cloud mode DEFAULT and cloud style DEFAULT
[21Oct2024 12:05:40.547] [Render thread/WARN] [simpleclouds/ComputeShader/]: Could not find uniform with name 'FadeStart'
[21Oct2024 12:05:40.613] [Render thread/WARN] [simpleclouds/ComputeShader/]: Could not find uniform with name 'TotalLodLevels'
[21Oct2024 12:05:40.849] [Render thread/INFO] [simpleclouds/SimpleCloudsRenderer/]: Finished, took 548 ms
[21Oct2024 12:05:40.930] [Render thread/INFO] [net.neoforged.neoforge.client.entity.animation.json.AnimationLoader/]: Loaded 0 entity animations
[21Oct2024 12:06:05.635] [Render thread/INFO] [net.minecraft.world.item.crafting.RecipeManager/]: Loaded 1290 recipes
[21Oct2024 12:06:05.789] [Render thread/INFO] [net.minecraft.advancements.AdvancementTree/]: Loaded 1399 advancements
[21Oct2024 12:06:05.792] [Render thread/INFO] [dev.nonamecrackers2.simpleclouds.common.cloud.CloudTypeDataManager/]: Loaded 7 cloud types
[21Oct2024 12:06:07.141] [Server thread/INFO] [net.minecraft.client.server.IntegratedServer/]: Starting integrated minecraft server version 1.21.1
[21Oct2024 12:06:07.141] [Server thread/INFO] [net.minecraft.server.MinecraftServer/]: Generating keypair
[21Oct2024 12:06:07.409] [Server thread/INFO] [net.minecraft.server.MinecraftServer/]: Preparing start region for dimension minecraft:overworld
[21Oct2024 12:06:07.612] [progressListener/INFO] [net.minecraft.server.level.progress.LoggerChunkProgressListener/]: Préparation de la zone d'apparition : 0 %
[21Oct2024 12:06:07.679] [Server thread/INFO] [net.neoforged.neoforge.server.permission.PermissionAPI/]: Successfully initialized permission handler neoforge:default_handler
[21Oct2024 12:06:07.690] [progressListener/INFO] [net.minecraft.server.level.progress.LoggerChunkProgressListener/]: Time elapsed: 278 ms
[21Oct2024 12:06:07.763] [Server thread/INFO] [net.minecraft.client.server.IntegratedServer/]: Changing view distance to 32, from 10
[21Oct2024 12:06:07.763] [Server thread/INFO] [net.minecraft.client.server.IntegratedServer/]: Changing simulation distance to 5, from 0
[21Oct2024 12:06:08.529] [Server thread/INFO] [net.minecraft.server.players.PlayerList/]: Dev[local:E:5dba599a] logged in with entity id 1 at (769.7168961451736, -60.0, 13995.918797174118)
[21Oct2024 12:06:08.610] [Server thread/INFO] [net.minecraft.server.MinecraftServer/]: Dev a rejoint la partie
[21Oct2024 12:06:09.180] [Render thread/INFO] [net.minecraft.advancements.AdvancementTree/]: Loaded 4 advancements
[21Oct2024 12:06:09.618] [Render thread/INFO] [simpleclouds/SimpleCloudsRenderer/]: Beginning mesh generator initialization for cloud mode DEFAULT and cloud style DEFAULT
[21Oct2024 12:06:10.255] [Render thread/WARN] [simpleclouds/ComputeShader/]: Could not find uniform with name 'FadeStart'
[21Oct2024 12:06:10.402] [Render thread/WARN] [simpleclouds/ComputeShader/]: Could not find uniform with name 'TotalLodLevels'
[21Oct2024 12:06:11.380] [Render thread/INFO] [simpleclouds/SimpleCloudsRenderer/]: Finished, took 1761 ms
[21Oct2024 12:09:06.182] [Server thread/INFO] [net.minecraft.client.server.IntegratedServer/]: Saving and pausing game...
[21Oct2024 12:09:06.222] [Server thread/INFO] [net.minecraft.server.MinecraftServer/]: Saving chunks for level 'ServerLevel[Nouveau monde]'/minecraft:overworld
[21Oct2024 12:09:07.546] [Server thread/INFO] [net.minecraft.server.MinecraftServer/]: Saving chunks for level 'ServerLevel[Nouveau monde]'/minecraft:the_nether
[21Oct2024 12:09:07.584] [Server thread/INFO] [net.minecraft.server.MinecraftServer/]: Saving chunks for level 'ServerLevel[Nouveau monde]'/minecraft:the_end
[21Oct2024 12:09:07.636] [Server thread/INFO] [net.minecraft.server.network.ServerGamePacketListenerImpl/]: Dev lost connection: Déconnecté(e)
[21Oct2024 12:09:07.638] [Server thread/INFO] [net.minecraft.server.MinecraftServer/]: Dev a quitté la partie
[21Oct2024 12:09:07.660] [Server thread/INFO] [net.minecraft.server.network.ServerCommonPacketListenerImpl/]: Stopping singleplayer server as player logged out
[21Oct2024 12:09:07.672] [Server thread/INFO] [net.minecraft.server.MinecraftServer/]: Stopping server
[21Oct2024 12:09:07.674] [Server thread/INFO] [net.minecraft.server.MinecraftServer/]: Saving players
[21Oct2024 12:09:07.674] [Server thread/INFO] [net.minecraft.server.MinecraftServer/]: Saving worlds
[21Oct2024 12:09:08.785] [Server thread/INFO] [net.minecraft.server.MinecraftServer/]: Saving chunks for level 'ServerLevel[Nouveau monde]'/minecraft:overworld
[21Oct2024 12:09:09.557] [Server thread/INFO] [net.minecraft.server.MinecraftServer/]: Saving chunks for level 'ServerLevel[Nouveau monde]'/minecraft:the_nether
[21Oct2024 12:09:09.580] [Server thread/INFO] [net.minecraft.server.MinecraftServer/]: Saving chunks for level 'ServerLevel[Nouveau monde]'/minecraft:the_end
[21Oct2024 12:09:09.611] [Server thread/INFO] [net.minecraft.server.MinecraftServer/]: ThreadedAnvilChunkStorage (Nouveau monde (1)): All chunks are saved
[21Oct2024 12:09:09.612] [Server thread/INFO] [net.minecraft.server.MinecraftServer/]: ThreadedAnvilChunkStorage (DIM-1): All chunks are saved
[21Oct2024 12:09:09.612] [Server thread/INFO] [net.minecraft.server.MinecraftServer/]: ThreadedAnvilChunkStorage (DIM1): All chunks are saved
[21Oct2024 12:09:09.612] [Server thread/INFO] [net.minecraft.server.MinecraftServer/]: ThreadedAnvilChunkStorage: All dimensions are saved
[21Oct2024 12:09:12.988] [Render thread/INFO] [net.minecraft.client.Minecraft/]: Stopping!
